0 info it worked if it ends with ok
1 verbose cli [ '/usr/bin/nodejs', '/usr/bin/npm', 'run', 'dev' ]
2 info using npm@3.10.10
3 info using node@v6.11.0
4 verbose run-script [ 'predev', 'dev', 'postdev' ]
5 info lifecycle codinity@1.0.0~predev: codinity@1.0.0
6 silly lifecycle codinity@1.0.0~predev: no script for predev, continuing
7 info lifecycle codinity@1.0.0~dev: codinity@1.0.0
8 verbose lifecycle codinity@1.0.0~dev: unsafe-perm in lifecycle true
9 verbose lifecycle codinity@1.0.0~dev: PATH: /usr/lib/node_modules/npm/bin/node-gyp-bin:/workspace/Codinity_Front-End/node_modules/.bin:/usr/local/sbin:/usr/local/bin:/usr/sbin:/usr/bin:/sbin:/bin:/usr/games:/usr/local/games
10 verbose lifecycle codinity@1.0.0~dev: CWD: /workspace/Codinity_Front-End
11 silly lifecycle codinity@1.0.0~dev: Args: [ '-c',
11 silly lifecycle   '--host 0.0.0.0 --disableHostCheck true webpack-dev-server --inline --progress --config build/webpack.dev.conf.js' ]
12 silly lifecycle codinity@1.0.0~dev: Returned: code: 2  signal: null
13 info lifecycle codinity@1.0.0~dev: Failed to exec dev script
14 verbose stack Error: codinity@1.0.0 dev: `--host 0.0.0.0 --disableHostCheck true webpack-dev-server --inline --progress --config build/webpack.dev.conf.js`
14 verbose stack Exit status 2
14 verbose stack     at EventEmitter.<anonymous> (/usr/lib/node_modules/npm/lib/utils/lifecycle.js:255:16)
14 verbose stack     at emitTwo (events.js:106:13)
14 verbose stack     at EventEmitter.emit (events.js:191:7)
14 verbose stack     at ChildProcess.<anonymous> (/usr/lib/node_modules/npm/lib/utils/spawn.js:40:14)
14 verbose stack     at emitTwo (events.js:106:13)
14 verbose stack     at ChildProcess.emit (events.js:191:7)
14 verbose stack     at maybeClose (internal/child_process.js:891:16)
14 verbose stack     at Process.ChildProcess._handle.onexit (internal/child_process.js:226:5)
15 verbose pkgid codinity@1.0.0
16 verbose cwd /workspace/Codinity_Front-End
17 error Linux 4.4.0-130-generic
18 error argv "/usr/bin/nodejs" "/usr/bin/npm" "run" "dev"
19 error node v6.11.0
20 error npm  v3.10.10
21 error code ELIFECYCLE
22 error codinity@1.0.0 dev: `--host 0.0.0.0 --disableHostCheck true webpack-dev-server --inline --progress --config build/webpack.dev.conf.js`
22 error Exit status 2
23 error Failed at the codinity@1.0.0 dev script '--host 0.0.0.0 --disableHostCheck true webpack-dev-server --inline --progress --config build/webpack.dev.conf.js'.
23 error Make sure you have the latest version of node.js and npm installed.
23 error If you do, this is most likely a problem with the codinity package,
23 error not with npm itself.
23 error Tell the author that this fails on your system:
23 error     --host 0.0.0.0 --disableHostCheck true webpack-dev-server --inline --progress --config build/webpack.dev.conf.js
23 error You can get information on how to open an issue for this project with:
23 error     npm bugs codinity
23 error Or if that isn't available, you can get their info via:
23 error     npm owner ls codinity
23 error There is likely additional logging output above.
24 verbose exit [ 1, true ]
